d:\university\cmp 105\cmp105_coursework-singerkyle-1\coursework\cmp105app\x64\debug\vc142.pdb
d:\university\cmp 105\cmp105_coursework-singerkyle-1\coursework\cmp105app\x64\debug\vc142.idb
d:\university\cmp 105\cmp105_coursework-singerkyle-1\coursework\cmp105app\x64\debug\main_menu.obj
d:\university\cmp 105\cmp105_coursework-singerkyle-1\coursework\cmp105app\x64\debug\main.obj
d:\university\cmp 105\cmp105_coursework-singerkyle-1\coursework\cmp105app\x64\debug\vectorhelper.obj
d:\university\cmp 105\cmp105_coursework-singerkyle-1\coursework\cmp105app\x64\debug\tilemap.obj
d:\university\cmp 105\cmp105_coursework-singerkyle-1\coursework\cmp105app\x64\debug\soundobject.obj
d:\university\cmp 105\cmp105_coursework-singerkyle-1\coursework\cmp105app\x64\debug\gameobject.obj
d:\university\cmp 105\cmp105_coursework-singerkyle-1\coursework\cmp105app\x64\debug\musicobject.obj
d:\university\cmp 105\cmp105_coursework-singerkyle-1\coursework\cmp105app\x64\debug\input.obj
d:\university\cmp 105\cmp105_coursework-singerkyle-1\coursework\cmp105app\x64\debug\gamestate.obj
d:\university\cmp 105\cmp105_coursework-singerkyle-1\coursework\cmp105app\x64\debug\collision.obj
d:\university\cmp 105\cmp105_coursework-singerkyle-1\coursework\cmp105app\x64\debug\baselevel.obj
d:\university\cmp 105\cmp105_coursework-singerkyle-1\coursework\cmp105app\x64\debug\audiomanager.obj
d:\university\cmp 105\cmp105_coursework-singerkyle-1\coursework\cmp105app\x64\debug\animation.obj
d:\university\cmp 105\cmp105_coursework-singerkyle-1\coursework\cmp105app\x64\debug\menu_background.obj
d:\university\cmp 105\cmp105_coursework-singerkyle-1\coursework\cmp105app\x64\debug\level.obj
d:\university\cmp 105\cmp105_coursework-singerkyle-1\coursework\cmp105app\x64\debug\buttons.obj
d:\university\cmp 105\cmp105_coursework-singerkyle-1\coursework\cmp105app\x64\debug\map.obj
d:\university\cmp 105\cmp105_coursework-singerkyle-1\coursework\cmp105app\x64\debug\pause_menu.obj
d:\university\cmp 105\cmp105_coursework-singerkyle-1\coursework\cmp105app\x64\debug\controlsbutton.obj
d:\university\cmp 105\cmp105_coursework-singerkyle-1\coursework\cmp105app\x64\debug\exitbutton.obj
d:\university\cmp 105\cmp105_coursework-singerkyle-1\coursework\cmp105app\x64\debug\tile_1.obj
d:\university\cmp 105\cmp105_coursework-singerkyle-1\coursework\cmp105app\x64\debug\backgroundmenu.obj
d:\university\cmp 105\cmp105_coursework-singerkyle-1\coursework\cmp105app\x64\debug\backgroundlevel.obj
d:\university\cmp 105\cmp105_coursework-singerkyle-1\coursework\cmp105app\x64\debug\tile.obj
d:\university\cmp 105\cmp105_coursework-singerkyle-1\coursework\x64\debug\cmp105app.exe
d:\university\cmp 105\cmp105_coursework-singerkyle-1\coursework\cmp105app\x64\debug\cmp105app.ilk
d:\university\cmp 105\cmp105_coursework-singerkyle-1\coursework\x64\debug\cmp105app.pdb
d:\university\cmp 105\cmp105_coursework-singerkyle-1\coursework\cmp105app\x64\debug\backgroundlevel.obj.enc
d:\university\cmp 105\cmp105_coursework-singerkyle-1\coursework\cmp105app\x64\debug\baselevel.obj.enc
d:\university\cmp 105\cmp105_coursework-singerkyle-1\coursework\cmp105app\x64\debug\gamestate.obj.enc
d:\university\cmp 105\cmp105_coursework-singerkyle-1\coursework\cmp105app\x64\debug\level.obj.enc
d:\university\cmp 105\cmp105_coursework-singerkyle-1\coursework\cmp105app\x64\debug\main.obj.enc
d:\university\cmp 105\cmp105_coursework-singerkyle-1\coursework\cmp105app\x64\debug\main_menu.obj.enc
d:\university\cmp 105\cmp105_coursework-singerkyle-1\coursework\cmp105app\x64\debug\cmp105app.tlog\cl.command.1.tlog
d:\university\cmp 105\cmp105_coursework-singerkyle-1\coursework\cmp105app\x64\debug\cmp105app.tlog\cl.read.1.tlog
d:\university\cmp 105\cmp105_coursework-singerkyle-1\coursework\cmp105app\x64\debug\cmp105app.tlog\cl.write.1.tlog
d:\university\cmp 105\cmp105_coursework-singerkyle-1\coursework\cmp105app\x64\debug\cmp105app.tlog\link.command.1.tlog
d:\university\cmp 105\cmp105_coursework-singerkyle-1\coursework\cmp105app\x64\debug\cmp105app.tlog\link.read.1.tlog
d:\university\cmp 105\cmp105_coursework-singerkyle-1\coursework\cmp105app\x64\debug\cmp105app.tlog\link.write.1.tlog
