d:\university\year_3\cmp303\cmp303_networking\server\cmp105app\x64\debug\vc143.pdb
d:\university\year_3\cmp303\cmp303_networking\server\cmp105app\x64\debug\vc143.idb
d:\university\year_3\cmp303\cmp303_networking\server\cmp105app\x64\debug\newlevel.obj
d:\university\year_3\cmp303\cmp303_networking\server\cmp105app\x64\debug\main_menu.obj
d:\university\year_3\cmp303\cmp303_networking\server\cmp105app\x64\debug\main.obj
d:\university\year_3\cmp303\cmp303_networking\server\cmp105app\x64\debug\gameserver.obj
d:\university\year_3\cmp303\cmp303_networking\server\cmp105app\x64\debug\vectorhelper.obj
d:\university\year_3\cmp303\cmp303_networking\server\cmp105app\x64\debug\tilemap.obj
d:\university\year_3\cmp303\cmp303_networking\server\cmp105app\x64\debug\soundobject.obj
d:\university\year_3\cmp303\cmp303_networking\server\cmp105app\x64\debug\gameobject.obj
d:\university\year_3\cmp303\cmp303_networking\server\cmp105app\x64\debug\musicobject.obj
d:\university\year_3\cmp303\cmp303_networking\server\cmp105app\x64\debug\input.obj
d:\university\year_3\cmp303\cmp303_networking\server\cmp105app\x64\debug\gamestate.obj
d:\university\year_3\cmp303\cmp303_networking\server\cmp105app\x64\debug\collision.obj
d:\university\year_3\cmp303\cmp303_networking\server\cmp105app\x64\debug\baselevel.obj
d:\university\year_3\cmp303\cmp303_networking\server\cmp105app\x64\debug\audiomanager.obj
d:\university\year_3\cmp303\cmp303_networking\server\cmp105app\x64\debug\animation.obj
d:\university\year_3\cmp303\cmp303_networking\server\cmp105app\x64\debug\exitbutton.obj
d:\university\year_3\cmp303\cmp303_networking\server\cmp105app\x64\debug\controlsbutton.obj
d:\university\year_3\cmp303\cmp303_networking\server\cmp105app\x64\debug\buttons.obj
d:\university\year_3\cmp303\cmp303_networking\server\cmp105app\x64\debug\backgroundmenu.obj
d:\university\year_3\cmp303\cmp303_networking\server\cmp105app\x64\debug\backgroundlevel.obj
d:\university\year_3\cmp303\cmp303_networking\server\cmp105app\x64\debug\survivor.obj
d:\university\year_3\cmp303\cmp303_networking\server\cmp105app\x64\debug\playerhealth.obj
d:\university\year_3\cmp303\cmp303_networking\server\x64\debug\cmp303app.exe
d:\university\year_3\cmp303\cmp303_networking\server\cmp105app\x64\debug\cmp303app.ilk
d:\university\year_3\cmp303\cmp303_networking\server\x64\debug\cmp303app.pdb
e:\university\year_3\cmp303\cmp303_networking\server\cmp105app\x64\debug\newlevel.obj
e:\university\year_3\cmp303\cmp303_networking\server\cmp105app\x64\debug\main_menu.obj
e:\university\year_3\cmp303\cmp303_networking\server\cmp105app\x64\debug\main.obj
e:\university\year_3\cmp303\cmp303_networking\server\cmp105app\x64\debug\gameserver.obj
e:\university\year_3\cmp303\cmp303_networking\server\cmp105app\x64\debug\vectorhelper.obj
e:\university\year_3\cmp303\cmp303_networking\server\cmp105app\x64\debug\tilemap.obj
e:\university\year_3\cmp303\cmp303_networking\server\cmp105app\x64\debug\soundobject.obj
e:\university\year_3\cmp303\cmp303_networking\server\cmp105app\x64\debug\gameobject.obj
e:\university\year_3\cmp303\cmp303_networking\server\cmp105app\x64\debug\musicobject.obj
e:\university\year_3\cmp303\cmp303_networking\server\cmp105app\x64\debug\input.obj
e:\university\year_3\cmp303\cmp303_networking\server\cmp105app\x64\debug\gamestate.obj
e:\university\year_3\cmp303\cmp303_networking\server\cmp105app\x64\debug\collision.obj
e:\university\year_3\cmp303\cmp303_networking\server\cmp105app\x64\debug\baselevel.obj
e:\university\year_3\cmp303\cmp303_networking\server\cmp105app\x64\debug\audiomanager.obj
e:\university\year_3\cmp303\cmp303_networking\server\cmp105app\x64\debug\animation.obj
e:\university\year_3\cmp303\cmp303_networking\server\cmp105app\x64\debug\exitbutton.obj
e:\university\year_3\cmp303\cmp303_networking\server\cmp105app\x64\debug\controlsbutton.obj
e:\university\year_3\cmp303\cmp303_networking\server\cmp105app\x64\debug\buttons.obj
e:\university\year_3\cmp303\cmp303_networking\server\cmp105app\x64\debug\backgroundmenu.obj
e:\university\year_3\cmp303\cmp303_networking\server\cmp105app\x64\debug\backgroundlevel.obj
e:\university\year_3\cmp303\cmp303_networking\server\cmp105app\x64\debug\survivor.obj
e:\university\year_3\cmp303\cmp303_networking\server\cmp105app\x64\debug\playerhealth.obj
e:\university\year_3\cmp303\cmp303_networking\server\cmp105app\x64\debug\arrow.obj
e:\university\year_3\cmp303\cmp303_networking\server\cmp105app\x64\debug\arrowmanager.obj
e:\university\year_3\cmp303\cmp303_networking\server\cmp105app\x64\debug\background.obj
e:\university\year_3\cmp303\cmp303_networking\server\cmp105app\x64\debug\boss.obj
e:\university\year_3\cmp303\cmp303_networking\server\cmp105app\x64\debug\controls.obj
e:\university\year_3\cmp303\cmp303_networking\server\cmp105app\x64\debug\credits.obj
e:\university\year_3\cmp303\cmp303_networking\server\cmp105app\x64\debug\death.obj
e:\university\year_3\cmp303\cmp303_networking\server\cmp105app\x64\debug\enemy.obj
e:\university\year_3\cmp303\cmp303_networking\server\cmp105app\x64\debug\enemymanager.obj
e:\university\year_3\cmp303\cmp303_networking\server\cmp105app\x64\debug\level.obj
e:\university\year_3\cmp303\cmp303_networking\server\cmp105app\x64\debug\map.obj
e:\university\year_3\cmp303\cmp303_networking\server\cmp105app\x64\debug\network.obj
e:\university\year_3\cmp303\cmp303_networking\server\cmp105app\x64\debug\pause_menu.obj
e:\university\year_3\cmp303\cmp303_networking\server\cmp105app\x64\debug\physics.obj
e:\university\year_3\cmp303\cmp303_networking\server\cmp105app\x64\debug\player.obj
e:\university\year_3\cmp303\cmp303_networking\server\cmp105app\x64\debug\tile.obj
e:\university\year_3\cmp303\cmp303_networking\server\cmp105app\x64\debug\win.obj
e:\university\year_3\cmp303\cmp303_networking\server\cmp105app\x64\debug\backgroundlevel.obj.enc
e:\university\year_3\cmp303\cmp303_networking\server\cmp105app\x64\debug\enemy.obj.enc
e:\university\year_3\cmp303\cmp303_networking\server\cmp105app\x64\debug\gameserver.obj.enc
e:\university\year_3\cmp303\cmp303_networking\server\cmp105app\x64\debug\level.obj.enc
e:\university\year_3\cmp303\cmp303_networking\server\cmp105app\x64\debug\main.obj.enc
e:\university\year_3\cmp303\cmp303_networking\server\cmp105app\x64\debug\player.obj.enc
e:\university\year_3\cmp303\cmp303_networking\server\cmp105app\x64\debug\tile.obj.enc
e:\university\year_3\cmp303\cmp303_networking\server\cmp105app\x64\debug\cmp303app.ilk
e:\university\year_3\cmp303\cmp303_networking\server\cmp105app\x64\debug\cmp105app.ilk
e:\university\year_3\cmp303\cmp303_networking\server\cmp105app\x64\debug\vc143.idb
e:\university\year_3\cmp303\cmp303_networking\server\cmp105app\x64\debug\vc142.idb
e:\university\year_3\cmp303\cmp303_networking\server\cmp105app\x64\debug\vc143.pdb
e:\university\year_3\cmp303\cmp303_networking\server\cmp105app\x64\debug\vc142.pdb
e:\university\year_3\cmp303\cmp303_networking\server\x64\debug\cmp303app.pdb
e:\university\year_3\cmp303\cmp303_networking\server\x64\debug\cmp303app.exe
e:\university\year_3\cmp303\cmp303_networking\server\cmp105app\x64\debug\cmp303app.tlog\cl.read.1.tlog
e:\university\year_3\cmp303\cmp303_networking\server\cmp105app\x64\debug\cmp303app.tlog\cl.write.1.tlog
e:\university\year_3\cmp303\cmp303_networking\server\cmp105app\x64\debug\cmp303app.tlog\cl.command.1.tlog
e:\university\year_3\cmp303\cmp303_networking\server\cmp105app\x64\debug\cmp303app.tlog\link.read.2.tlog
e:\university\year_3\cmp303\cmp303_networking\server\cmp105app\x64\debug\cmp303app.tlog\link.write.1.tlog
e:\university\year_3\cmp303\cmp303_networking\server\cmp105app\x64\debug\cmp303app.tlog\link.command.1.tlog
e:\university\year_3\cmp303\cmp303_networking\server\cmp105app\x64\debug\cmp303app.tlog\link.read.1.tlog
