d:\university\year_3\cmp303\cmp303_networking\coursework\cmp105app\x64\debug\vc143.pdb
d:\university\year_3\cmp303\cmp303_networking\coursework\cmp105app\x64\debug\vc143.idb
d:\university\year_3\cmp303\cmp303_networking\coursework\cmp105app\x64\debug\musicobject.obj
d:\university\year_3\cmp303\cmp303_networking\coursework\cmp105app\x64\debug\input.obj
d:\university\year_3\cmp303\cmp303_networking\coursework\cmp105app\x64\debug\gamestate.obj
d:\university\year_3\cmp303\cmp303_networking\coursework\cmp105app\x64\debug\collision.obj
d:\university\year_3\cmp303\cmp303_networking\coursework\cmp105app\x64\debug\baselevel.obj
d:\university\year_3\cmp303\cmp303_networking\coursework\cmp105app\x64\debug\audiomanager.obj
d:\university\year_3\cmp303\cmp303_networking\coursework\cmp105app\x64\debug\animation.obj
d:\university\year_3\cmp303\cmp303_networking\coursework\cmp105app\x64\debug\exitbutton.obj
d:\university\year_3\cmp303\cmp303_networking\coursework\cmp105app\x64\debug\enemymanager.obj
d:\university\year_3\cmp303\cmp303_networking\coursework\cmp105app\x64\debug\enemy.obj
d:\university\year_3\cmp303\cmp303_networking\coursework\cmp105app\x64\debug\death.obj
d:\university\year_3\cmp303\cmp303_networking\coursework\cmp105app\x64\debug\credits.obj
d:\university\year_3\cmp303\cmp303_networking\coursework\cmp105app\x64\debug\controlsbutton.obj
d:\university\year_3\cmp303\cmp303_networking\coursework\cmp105app\x64\debug\controls.obj
d:\university\year_3\cmp303\cmp303_networking\coursework\cmp105app\x64\debug\client.obj
d:\university\year_3\cmp303\cmp303_networking\coursework\cmp105app\x64\debug\buttons.obj
d:\university\year_3\cmp303\cmp303_networking\coursework\cmp105app\x64\debug\boss.obj
d:\university\year_3\cmp303\cmp303_networking\coursework\cmp105app\x64\debug\backgroundlevel.obj
d:\university\year_3\cmp303\cmp303_networking\coursework\cmp105app\x64\debug\background.obj
d:\university\year_3\cmp303\cmp303_networking\coursework\cmp105app\x64\debug\arrow.obj
d:\university\year_3\cmp303\cmp303_networking\coursework\cmp105app\x64\debug\newlevel.obj
d:\university\year_3\cmp303\cmp303_networking\coursework\cmp105app\x64\debug\win.obj
d:\university\year_3\cmp303\cmp303_networking\coursework\cmp105app\x64\debug\tile.obj
d:\university\year_3\cmp303\cmp303_networking\coursework\cmp105app\x64\debug\survivor.obj
d:\university\year_3\cmp303\cmp303_networking\coursework\cmp105app\x64\debug\playerhealth.obj
d:\university\year_3\cmp303\cmp303_networking\coursework\cmp105app\x64\debug\player.obj
d:\university\year_3\cmp303\cmp303_networking\coursework\cmp105app\x64\debug\pause_menu.obj
d:\university\year_3\cmp303\cmp303_networking\coursework\cmp105app\x64\debug\network.obj
d:\university\year_3\cmp303\cmp303_networking\coursework\cmp105app\x64\debug\main_menu.obj
d:\university\year_3\cmp303\cmp303_networking\coursework\cmp105app\x64\debug\main.obj
d:\university\year_3\cmp303\cmp303_networking\coursework\cmp105app\x64\debug\backgroundmenu.obj
d:\university\year_3\cmp303\cmp303_networking\coursework\cmp105app\x64\debug\map.obj
d:\university\year_3\cmp303\cmp303_networking\coursework\cmp105app\x64\debug\lobby.obj
d:\university\year_3\cmp303\cmp303_networking\coursework\cmp105app\x64\debug\level.obj
d:\university\year_3\cmp303\cmp303_networking\coursework\cmp105app\x64\debug\vectorhelper.obj
d:\university\year_3\cmp303\cmp303_networking\coursework\cmp105app\x64\debug\tilemap.obj
d:\university\year_3\cmp303\cmp303_networking\coursework\cmp105app\x64\debug\soundobject.obj
d:\university\year_3\cmp303\cmp303_networking\coursework\cmp105app\x64\debug\gameobject.obj
d:\university\year_3\cmp303\cmp303_networking\coursework\cmp105app\x64\debug\cmp105app.ilk
d:\university\year_3\cmp303\cmp303_networking\coursework\x64\debug\cmp105app.exe
d:\university\year_3\cmp303\cmp303_networking\coursework\x64\debug\cmp105app.pdb
d:\university\year_3\cmp303\cmp303_networking\coursework\cmp105app\x64\debug\cmp105app.tlog\cl.command.1.tlog
d:\university\year_3\cmp303\cmp303_networking\coursework\cmp105app\x64\debug\cmp105app.tlog\cl.read.1.tlog
d:\university\year_3\cmp303\cmp303_networking\coursework\cmp105app\x64\debug\cmp105app.tlog\cl.write.1.tlog
d:\university\year_3\cmp303\cmp303_networking\coursework\cmp105app\x64\debug\cmp105app.tlog\link.command.1.tlog
d:\university\year_3\cmp303\cmp303_networking\coursework\cmp105app\x64\debug\cmp105app.tlog\link.read.1.tlog
d:\university\year_3\cmp303\cmp303_networking\coursework\cmp105app\x64\debug\cmp105app.tlog\link.write.1.tlog
