d:\university\year_3\cmp303\cmp303_networking\coursework\cmp105app\x64\release\vc143.pdb
d:\university\year_3\cmp303\cmp303_networking\coursework\cmp105app\x64\release\musicobject.obj
d:\university\year_3\cmp303\cmp303_networking\coursework\cmp105app\x64\release\input.obj
d:\university\year_3\cmp303\cmp303_networking\coursework\cmp105app\x64\release\gamestate.obj
d:\university\year_3\cmp303\cmp303_networking\coursework\cmp105app\x64\release\collision.obj
d:\university\year_3\cmp303\cmp303_networking\coursework\cmp105app\x64\release\baselevel.obj
d:\university\year_3\cmp303\cmp303_networking\coursework\cmp105app\x64\release\audiomanager.obj
d:\university\year_3\cmp303\cmp303_networking\coursework\cmp105app\x64\release\animation.obj
d:\university\year_3\cmp303\cmp303_networking\coursework\cmp105app\x64\release\exitbutton.obj
d:\university\year_3\cmp303\cmp303_networking\coursework\cmp105app\x64\release\enemymanager.obj
d:\university\year_3\cmp303\cmp303_networking\coursework\cmp105app\x64\release\enemy.obj
d:\university\year_3\cmp303\cmp303_networking\coursework\cmp105app\x64\release\death.obj
d:\university\year_3\cmp303\cmp303_networking\coursework\cmp105app\x64\release\credits.obj
d:\university\year_3\cmp303\cmp303_networking\coursework\cmp105app\x64\release\controlsbutton.obj
d:\university\year_3\cmp303\cmp303_networking\coursework\cmp105app\x64\release\controls.obj
d:\university\year_3\cmp303\cmp303_networking\coursework\cmp105app\x64\release\client.obj
d:\university\year_3\cmp303\cmp303_networking\coursework\cmp105app\x64\release\buttons.obj
d:\university\year_3\cmp303\cmp303_networking\coursework\cmp105app\x64\release\boss.obj
d:\university\year_3\cmp303\cmp303_networking\coursework\cmp105app\x64\release\backgroundlevel.obj
d:\university\year_3\cmp303\cmp303_networking\coursework\cmp105app\x64\release\background.obj
d:\university\year_3\cmp303\cmp303_networking\coursework\cmp105app\x64\release\arrow.obj
d:\university\year_3\cmp303\cmp303_networking\coursework\cmp105app\x64\release\newlevel.obj
d:\university\year_3\cmp303\cmp303_networking\coursework\cmp105app\x64\release\win.obj
d:\university\year_3\cmp303\cmp303_networking\coursework\cmp105app\x64\release\tile.obj
d:\university\year_3\cmp303\cmp303_networking\coursework\cmp105app\x64\release\survivor.obj
d:\university\year_3\cmp303\cmp303_networking\coursework\cmp105app\x64\release\playerhealth.obj
d:\university\year_3\cmp303\cmp303_networking\coursework\cmp105app\x64\release\player.obj
d:\university\year_3\cmp303\cmp303_networking\coursework\cmp105app\x64\release\pause_menu.obj
d:\university\year_3\cmp303\cmp303_networking\coursework\cmp105app\x64\release\network.obj
d:\university\year_3\cmp303\cmp303_networking\coursework\cmp105app\x64\release\main_menu.obj
d:\university\year_3\cmp303\cmp303_networking\coursework\cmp105app\x64\release\main.obj
d:\university\year_3\cmp303\cmp303_networking\coursework\cmp105app\x64\release\backgroundmenu.obj
d:\university\year_3\cmp303\cmp303_networking\coursework\cmp105app\x64\release\map.obj
d:\university\year_3\cmp303\cmp303_networking\coursework\cmp105app\x64\release\lobby.obj
d:\university\year_3\cmp303\cmp303_networking\coursework\cmp105app\x64\release\level.obj
d:\university\year_3\cmp303\cmp303_networking\coursework\cmp105app\x64\release\vectorhelper.obj
d:\university\year_3\cmp303\cmp303_networking\coursework\cmp105app\x64\release\tilemap.obj
d:\university\year_3\cmp303\cmp303_networking\coursework\cmp105app\x64\release\soundobject.obj
d:\university\year_3\cmp303\cmp303_networking\coursework\cmp105app\x64\release\gameobject.obj
d:\university\year_3\cmp303\cmp303_networking\coursework\x64\release\cmp105app.exe
d:\university\year_3\cmp303\cmp303_networking\coursework\cmp105app\x64\release\cmp105app.ipdb
d:\university\year_3\cmp303\cmp303_networking\coursework\x64\release\cmp105app.pdb
d:\university\year_3\cmp303\cmp303_networking\coursework\cmp105app\x64\release\cmp105app.iobj
d:\university\year_3\cmp303\cmp303_networking\coursework\cmp105app\x64\release\cmp105app.tlog\cl.command.1.tlog
d:\university\year_3\cmp303\cmp303_networking\coursework\cmp105app\x64\release\cmp105app.tlog\cl.read.1.tlog
d:\university\year_3\cmp303\cmp303_networking\coursework\cmp105app\x64\release\cmp105app.tlog\cl.write.1.tlog
d:\university\year_3\cmp303\cmp303_networking\coursework\cmp105app\x64\release\cmp105app.tlog\link.command.1.tlog
d:\university\year_3\cmp303\cmp303_networking\coursework\cmp105app\x64\release\cmp105app.tlog\link.read.1.tlog
d:\university\year_3\cmp303\cmp303_networking\coursework\cmp105app\x64\release\cmp105app.tlog\link.write.1.tlog
