  Main.cpp
  Main_Menu.cpp
D:\University\Year_1\CMP 105\cmp105_coursework-SingerKyle-1\Coursework\CMP105App\Main_Menu.cpp(24,30): warning C4305: 'argument': truncation from 'double' to 'float'
D:\University\Year_1\CMP 105\cmp105_coursework-SingerKyle-1\Coursework\CMP105App\Main_Menu.cpp(25,39): warning C4244: 'argument': conversion from 'T' to 'float', possible loss of data
          with
          [
              T=unsigned int
          ]
D:\University\Year_1\CMP 105\cmp105_coursework-SingerKyle-1\Coursework\CMP105App\Main_Menu.cpp(28,66): warning C4244: 'argument': conversion from 'T' to 'T', possible loss of data
          with
          [
              T=unsigned int
          ]
          and
          [
              T=float
          ]
D:\University\Year_1\CMP 105\cmp105_coursework-SingerKyle-1\Coursework\CMP105App\Main_Menu.cpp(28,45): warning C4244: 'argument': conversion from 'T' to 'T', possible loss of data
          with
          [
              T=unsigned int
          ]
          and
          [
              T=float
          ]
D:\University\Year_1\CMP 105\cmp105_coursework-SingerKyle-1\Coursework\CMP105App\Main_Menu.cpp(31,74): warning C4244: 'argument': conversion from 'T' to 'float', possible loss of data
          with
          [
              T=unsigned int
          ]
D:\University\Year_1\CMP 105\cmp105_coursework-SingerKyle-1\Coursework\CMP105App\Main_Menu.cpp(31,45): warning C4244: 'argument': conversion from 'T' to 'float', possible loss of data
          with
          [
              T=unsigned int
          ]
D:\University\Year_1\CMP 105\cmp105_coursework-SingerKyle-1\Coursework\CMP105App\Main_Menu.cpp(36,77): warning C4244: 'argument': conversion from 'T' to 'float', possible loss of data
          with
          [
              T=unsigned int
          ]
D:\University\Year_1\CMP 105\cmp105_coursework-SingerKyle-1\Coursework\CMP105App\Main_Menu.cpp(36,47): warning C4244: 'argument': conversion from 'T' to 'float', possible loss of data
          with
          [
              T=unsigned int
          ]
D:\University\Year_1\CMP 105\cmp105_coursework-SingerKyle-1\Coursework\CMP105App\Main_Menu.cpp(41,73): warning C4244: 'argument': conversion from 'T' to 'float', possible loss of data
          with
          [
              T=unsigned int
          ]
D:\University\Year_1\CMP 105\cmp105_coursework-SingerKyle-1\Coursework\CMP105App\Main_Menu.cpp(41,43): warning C4244: 'argument': conversion from 'T' to 'float', possible loss of data
          with
          [
              T=unsigned int
          ]
D:\University\Year_1\CMP 105\cmp105_coursework-SingerKyle-1\Coursework\CMP105App\Main_Menu.cpp(71,43): warning C4244: 'argument': conversion from 'T' to 'float', possible loss of data
          with
          [
              T=unsigned int
          ]
D:\University\Year_1\CMP 105\cmp105_coursework-SingerKyle-1\Coursework\CMP105App\Main_Menu.cpp(131,66): warning C4244: 'argument': conversion from 'T' to 'T', possible loss of data
          with
          [
              T=unsigned int
          ]
          and
          [
              T=float
          ]
D:\University\Year_1\CMP 105\cmp105_coursework-SingerKyle-1\Coursework\CMP105App\Main_Menu.cpp(131,45): warning C4244: 'argument': conversion from 'T' to 'T', possible loss of data
          with
          [
              T=unsigned int
          ]
          and
          [
              T=float
          ]
D:\University\Year_1\CMP 105\cmp105_coursework-SingerKyle-1\Coursework\CMP105App\Main_Menu.cpp(132,56): warning C4244: 'argument': conversion from 'T' to 'T', possible loss of data
          with
          [
              T=unsigned int
          ]
          and
          [
              T=float
          ]
D:\University\Year_1\CMP 105\cmp105_coursework-SingerKyle-1\Coursework\CMP105App\Main_Menu.cpp(133,87): warning C4244: 'argument': conversion from 'T' to 'T', possible loss of data
          with
          [
              T=unsigned int
          ]
          and
          [
              T=float
          ]
D:\University\Year_1\CMP 105\cmp105_coursework-SingerKyle-1\Coursework\CMP105App\Main_Menu.cpp(133,58): warning C4244: 'argument': conversion from 'T' to 'T', possible loss of data
          with
          [
              T=unsigned int
          ]
          and
          [
              T=float
          ]
D:\University\Year_1\CMP 105\cmp105_coursework-SingerKyle-1\Coursework\CMP105App\Main_Menu.cpp(134,86): warning C4244: 'argument': conversion from 'T' to 'T', possible loss of data
          with
          [
              T=unsigned int
          ]
          and
          [
              T=float
          ]
D:\University\Year_1\CMP 105\cmp105_coursework-SingerKyle-1\Coursework\CMP105App\Main_Menu.cpp(134,60): warning C4244: 'argument': conversion from 'T' to 'T', possible loss of data
          with
          [
              T=unsigned int
          ]
          and
          [
              T=float
          ]
D:\University\Year_1\CMP 105\cmp105_coursework-SingerKyle-1\Coursework\CMP105App\Main_Menu.cpp(135,87): warning C4244: 'argument': conversion from 'T' to 'T', possible loss of data
          with
          [
              T=unsigned int
          ]
          and
          [
              T=float
          ]
D:\University\Year_1\CMP 105\cmp105_coursework-SingerKyle-1\Coursework\CMP105App\Main_Menu.cpp(135,56): warning C4244: 'argument': conversion from 'T' to 'T', possible loss of data
          with
          [
              T=unsigned int
          ]
          and
          [
              T=float
          ]
  Generating code
  0 of 688 functions ( 0.0%) were compiled, the rest were copied from previous compilation.
    0 functions were new in current compilation
    0 functions had inline decision re-evaluated but remain unchanged
  Finished generating code
  CMP105App.vcxproj -> D:\University\Year_1\CMP 105\cmp105_coursework-SingerKyle-1\Coursework\x64\Release\CMP105App.exe
