d:\university\year_3\cmp303\cmp303_networking\server\cmp105app\x64\release\vc143.pdb
d:\university\year_3\cmp303\cmp303_networking\server\cmp105app\x64\release\newlevel.obj
d:\university\year_3\cmp303\cmp303_networking\server\cmp105app\x64\release\main_menu.obj
d:\university\year_3\cmp303\cmp303_networking\server\cmp105app\x64\release\main.obj
d:\university\year_3\cmp303\cmp303_networking\server\cmp105app\x64\release\gameserver.obj
d:\university\year_3\cmp303\cmp303_networking\server\cmp105app\x64\release\vectorhelper.obj
d:\university\year_3\cmp303\cmp303_networking\server\cmp105app\x64\release\tilemap.obj
d:\university\year_3\cmp303\cmp303_networking\server\cmp105app\x64\release\soundobject.obj
d:\university\year_3\cmp303\cmp303_networking\server\cmp105app\x64\release\gameobject.obj
d:\university\year_3\cmp303\cmp303_networking\server\cmp105app\x64\release\musicobject.obj
d:\university\year_3\cmp303\cmp303_networking\server\cmp105app\x64\release\input.obj
d:\university\year_3\cmp303\cmp303_networking\server\cmp105app\x64\release\gamestate.obj
d:\university\year_3\cmp303\cmp303_networking\server\cmp105app\x64\release\collision.obj
d:\university\year_3\cmp303\cmp303_networking\server\cmp105app\x64\release\baselevel.obj
d:\university\year_3\cmp303\cmp303_networking\server\cmp105app\x64\release\audiomanager.obj
d:\university\year_3\cmp303\cmp303_networking\server\cmp105app\x64\release\animation.obj
d:\university\year_3\cmp303\cmp303_networking\server\cmp105app\x64\release\exitbutton.obj
d:\university\year_3\cmp303\cmp303_networking\server\cmp105app\x64\release\controlsbutton.obj
d:\university\year_3\cmp303\cmp303_networking\server\cmp105app\x64\release\buttons.obj
d:\university\year_3\cmp303\cmp303_networking\server\cmp105app\x64\release\backgroundmenu.obj
d:\university\year_3\cmp303\cmp303_networking\server\cmp105app\x64\release\backgroundlevel.obj
d:\university\year_3\cmp303\cmp303_networking\server\cmp105app\x64\release\survivor.obj
d:\university\year_3\cmp303\cmp303_networking\server\cmp105app\x64\release\playerhealth.obj
d:\university\year_3\cmp303\cmp303_networking\server\cmp105app\x64\release\cmp303app.ipdb
d:\university\year_3\cmp303\cmp303_networking\server\cmp105app\x64\release\cmp303app.tlog\cl.command.1.tlog
d:\university\year_3\cmp303\cmp303_networking\server\cmp105app\x64\release\cmp303app.tlog\cl.read.1.tlog
d:\university\year_3\cmp303\cmp303_networking\server\cmp105app\x64\release\cmp303app.tlog\cl.write.1.tlog
d:\university\year_3\cmp303\cmp303_networking\server\cmp105app\x64\release\cmp303app.tlog\link.command.1.tlog
d:\university\year_3\cmp303\cmp303_networking\server\cmp105app\x64\release\cmp303app.tlog\link.read.1.tlog
d:\university\year_3\cmp303\cmp303_networking\server\cmp105app\x64\release\cmp303app.tlog\link.read.16.tlog
d:\university\year_3\cmp303\cmp303_networking\server\cmp105app\x64\release\cmp303app.tlog\link.write.1.tlog
